# JRE version: OpenJDK Runtime Environment (8.0_202-b03) (build 1.8.0_202-release-1483-b03)
# Java VM: OpenJDK 64-Bit Server VM (25.202-b03 mixed mode windows-amd64 compressed oops)
Heap:
 PSYoungGen      total 216576K, used 67582K [0x00000000e0000000, 0x00000000f0a00000, 0x0000000100000000)
  eden space 186368K, 33% used [0x00000000e0000000,0x00000000e3d438e8,0x00000000eb600000)
  from space 30208K, 16% used [0x00000000eb600000,0x00000000ebabc130,0x00000000ed380000)
  to   space 29696K, 0% used [0x00000000eed00000,0x00000000eed00000,0x00000000f0a00000)
 ParOldGen       total 88064K, used 60294K [0x00000000a0000000, 0x00000000a5600000, 0x00000000e0000000)
  object space 88064K, 68% used [0x00000000a0000000,0x00000000a3ae18d0,0x00000000a5600000)
 Metaspace       used 68803K, capacity 70722K, committed 71000K, reserved 1112064K
  class space    used 8809K, capacity 9282K, committed 9344K, reserved 1048576K
GC Heap History (10 events):
Event: 38.755 GC heap before
{Heap before GC invocations=16 (full 3):
 PSYoungGen      total 171008K, used 8201K [0x00000000e0000000, 0x00000000ed100000, 0x0000000100000000)
  eden space 154624K, 0% used [0x00000000e0000000,0x00000000e0000000,0x00000000e9700000)
  from space 16384K, 50% used [0x00000000e9700000,0x00000000e9f024a0,0x00000000ea700000)
  to   space 15872K, 0% used [0x00000000ec180000,0x00000000ec180000,0x00000000ed100000)
 ParOldGen       total 53760K, used 30301K [0x00000000a0000000, 0x00000000a3480000, 0x00000000e0000000)
  object space 53760K, 56% used [0x00000000a0000000,0x00000000a1d97648,0x00000000a3480000)
 Metaspace       used 57394K, capacity 58978K, committed 59028K, reserved 1099776K
  class space    used 7768K, capacity 8154K, committed 8192K, reserved 1048576K
Event: 39.935 GC heap after
Heap after GC invocations=16 (full 3):
 PSYoungGen      total 171008K, used 0K [0x00000000e0000000, 0x00000000ed100000, 0x0000000100000000)
  eden space 154624K, 0% used [0x00000000e0000000,0x00000000e0000000,0x00000000e9700000)
  from space 16384K, 0% used [0x00000000e9700000,0x00000000e9700000,0x00000000ea700000)
  to   space 15872K, 0% used [0x00000000ec180000,0x00000000ec180000,0x00000000ed100000)
 ParOldGen       total 88064K, used 31271K [0x00000000a0000000, 0x00000000a5600000, 0x00000000e0000000)
  object space 88064K, 35% used [0x00000000a0000000,0x00000000a1e89e58,0x00000000a5600000)
 Metaspace       used 57340K, capacity 58826K, committed 59028K, reserved 1099776K
  class space    used 7752K, capacity 8126K, committed 8192K, reserved 1048576K
}
Event: 80.740 GC heap before
{Heap before GC invocations=17 (full 3):
 PSYoungGen      total 171008K, used 154624K [0x00000000e0000000, 0x00000000ed100000, 0x0000000100000000)
  eden space 154624K, 100% used [0x00000000e0000000,0x00000000e9700000,0x00000000e9700000)
  from space 16384K, 0% used [0x00000000e9700000,0x00000000e9700000,0x00000000ea700000)
  to   space 15872K, 0% used [0x00000000ec180000,0x00000000ec180000,0x00000000ed100000)
 ParOldGen       total 88064K, used 31271K [0x00000000a0000000, 0x00000000a5600000, 0x00000000e0000000)
  object space 88064K, 35% used [0x00000000a0000000,0x00000000a1e89e58,0x00000000a5600000)
 Metaspace       used 63768K, capacity 65616K, committed 65880K, reserved 1105920K
  class space    used 8371K, capacity 8803K, committed 8832K, reserved 1048576K
Event: 80.820 GC heap after
Heap after GC invocations=17 (full 3):
 PSYoungGen      total 185344K, used 13742K [0x00000000e0000000, 0x00000000ecf00000, 0x0000000100000000)
  eden space 171520K, 0% used [0x00000000e0000000,0x00000000e0000000,0x00000000ea780000)
  from space 13824K, 99% used [0x00000000ec180000,0x00000000eceeba78,0x00000000ecf00000)
  to   space 17408K, 0% used [0x00000000ead00000,0x00000000ead00000,0x00000000ebe00000)
 ParOldGen       total 88064K, used 31279K [0x00000000a0000000, 0x00000000a5600000, 0x00000000e0000000)
  object space 88064K, 35% used [0x00000000a0000000,0x00000000a1e8be58,0x00000000a5600000)
 Metaspace       used 63768K, capacity 65616K, committed 65880K, reserved 1105920K
  class space    used 8371K, capacity 8803K, committed 8832K, reserved 1048576K
}
Event: 87.318 GC heap before
{Heap before GC invocations=18 (full 3):
 PSYoungGen      total 185344K, used 185262K [0x00000000e0000000, 0x00000000ecf00000, 0x0000000100000000)
  eden space 171520K, 100% used [0x00000000e0000000,0x00000000ea780000,0x00000000ea780000)
  from space 13824K, 99% used [0x00000000ec180000,0x00000000eceeba78,0x00000000ecf00000)
  to   space 17408K, 0% used [0x00000000ead00000,0x00000000ead00000,0x00000000ebe00000)
 ParOldGen       total 88064K, used 31279K [0x00000000a0000000, 0x00000000a5600000, 0x00000000e0000000)
  object space 88064K, 35% used [0x00000000a0000000,0x00000000a1e8be58,0x00000000a5600000)
 Metaspace       used 66172K, capacity 68054K, committed 68184K, reserved 1107968K
  class space    used 8576K, capacity 9034K, committed 9088K, reserved 1048576K
Event: 87.387 GC heap after
Heap after GC invocations=18 (full 3):
 PSYoungGen      total 194560K, used 17384K [0x00000000e0000000, 0x00000000eec00000, 0x0000000100000000)
  eden space 177152K, 0% used [0x00000000e0000000,0x00000000e0000000,0x00000000ead00000)
  from space 17408K, 99% used [0x00000000ead00000,0x00000000ebdfa238,0x00000000ebe00000)
  to   space 25088K, 0% used [0x00000000ed380000,0x00000000ed380000,0x00000000eec00000)
 ParOldGen       total 88064K, used 44936K [0x00000000a0000000, 0x00000000a5600000, 0x00000000e0000000)
  object space 88064K, 51% used [0x00000000a0000000,0x00000000a2be22c8,0x00000000a5600000)
 Metaspace       used 66172K, capacity 68054K, committed 68184K, reserved 1107968K
  class space    used 8576K, capacity 9034K, committed 9088K, reserved 1048576K
}
Event: 89.460 GC heap before
{Heap before GC invocations=19 (full 3):
 PSYoungGen      total 194560K, used 194536K [0x00000000e0000000, 0x00000000eec00000, 0x0000000100000000)
  eden space 177152K, 100% used [0x00000000e0000000,0x00000000ead00000,0x00000000ead00000)
  from space 17408K, 99% used [0x00000000ead00000,0x00000000ebdfa238,0x00000000ebe00000)
  to   space 25088K, 0% used [0x00000000ed380000,0x00000000ed380000,0x00000000eec00000)
 ParOldGen       total 88064K, used 44936K [0x00000000a0000000, 0x00000000a5600000, 0x00000000e0000000)
  object space 88064K, 51% used [0x00000000a0000000,0x00000000a2be22c8,0x00000000a5600000)
 Metaspace       used 67861K, capacity 69790K, committed 69976K, reserved 1110016K
  class space    used 8750K, capacity 9228K, committed 9344K, reserved 1048576K
Event: 89.627 GC heap after
Heap after GC invocations=19 (full 3):
 PSYoungGen      total 211456K, used 25083K [0x00000000e0000000, 0x00000000f1280000, 0x0000000100000000)
  eden space 186368K, 0% used [0x00000000e0000000,0x00000000e0000000,0x00000000eb600000)
  from space 25088K, 99% used [0x00000000ed380000,0x00000000eebfedf8,0x00000000eec00000)
  to   space 30208K, 0% used [0x00000000eb600000,0x00000000eb600000,0x00000000ed380000)
 ParOldGen       total 88064K, used 47497K [0x00000000a0000000, 0x00000000a5600000, 0x00000000e0000000)
  object space 88064K, 53% used [0x00000000a0000000,0x00000000a2e62778,0x00000000a5600000)
 Metaspace       used 67861K, capacity 69790K, committed 69976K, reserved 1110016K
  class space    used 8750K, capacity 9228K, committed 9344K, reserved 1048576K
}
Event: 98.047 GC heap before
{Heap before GC invocations=20 (full 3):
 PSYoungGen      total 211456K, used 211451K [0x00000000e0000000, 0x00000000f1280000, 0x0000000100000000)
  eden space 186368K, 100% used [0x00000000e0000000,0x00000000eb600000,0x00000000eb600000)
  from space 25088K, 99% used [0x00000000ed380000,0x00000000eebfedf8,0x00000000eec00000)
  to   space 30208K, 0% used [0x00000000eb600000,0x00000000eb600000,0x00000000ed380000)
 ParOldGen       total 88064K, used 47497K [0x00000000a0000000, 0x00000000a5600000, 0x00000000e0000000)
  object space 88064K, 53% used [0x00000000a0000000,0x00000000a2e62778,0x00000000a5600000)
 Metaspace       used 68472K, capacity 70350K, committed 70488K, reserved 1110016K
  class space    used 8774K, capacity 9236K, committed 9344K, reserved 1048576K
Event: 98.092 GC heap after
Heap after GC invocations=20 (full 3):
 PSYoungGen      total 216576K, used 4848K [0x00000000e0000000, 0x00000000f0a00000, 0x0000000100000000)
  eden space 186368K, 0% used [0x00000000e0000000,0x00000000e0000000,0x00000000eb600000)
  from space 30208K, 16% used [0x00000000eb600000,0x00000000ebabc130,0x00000000ed380000)
  to   space 29696K, 0% used [0x00000000eed00000,0x00000000eed00000,0x00000000f0a00000)
 ParOldGen       total 88064K, used 60294K [0x00000000a0000000, 0x00000000a5600000, 0x00000000e0000000)
  object space 88064K, 68% used [0x00000000a0000000,0x00000000a3ae18d0,0x00000000a5600000)
 Metaspace       used 68472K, capacity 70350K, committed 70488K, reserved 1110016K
  class space    used 8774K, capacity 9236K, committed 9344K, reserved 1048576K
}

