# JRE version: OpenJDK Runtime Environment (8.0_202-b03) (build 1.8.0_202-release-1483-b03)
# Java VM: OpenJDK 64-Bit Server VM (25.202-b03 mixed mode windows-amd64 compressed oops)
Heap:
 PSYoungGen      total 426496K, used 221259K [0x00000000e0000000, 0x00000000fd400000, 0x0000000100000000)
  eden space 385024K, 54% used [0x00000000e0000000,0x00000000ecbc35e0,0x00000000f7800000)
  from space 41472K, 30% used [0x00000000fab80000,0x00000000fb7cf760,0x00000000fd400000)
  to   space 47104K, 0% used [0x00000000f7800000,0x00000000f7800000,0x00000000fa600000)
 ParOldGen       total 153600K, used 112550K [0x00000000a0000000, 0x00000000a9600000, 0x00000000e0000000)
  object space 153600K, 73% used [0x00000000a0000000,0x00000000a6de9a98,0x00000000a9600000)
 Metaspace       used 82927K, capacity 86812K, committed 87040K, reserved 1124352K
  class space    used 10704K, capacity 11429K, committed 11520K, reserved 1048576K
GC Heap History (10 events):
Event: 749.598 GC heap before
{Heap before GC invocations=30 (full 4):
 PSYoungGen      total 321024K, used 306629K [0x00000000e0000000, 0x00000000f9a00000, 0x0000000100000000)
  eden space 271872K, 100% used [0x00000000e0000000,0x00000000f0980000,0x00000000f0980000)
  from space 49152K, 70% used [0x00000000f0980000,0x00000000f2b71470,0x00000000f3980000)
  to   space 51712K, 0% used [0x00000000f6780000,0x00000000f6780000,0x00000000f9a00000)
 ParOldGen       total 153600K, used 101535K [0x00000000a0000000, 0x00000000a9600000, 0x00000000e0000000)
  object space 153600K, 66% used [0x00000000a0000000,0x00000000a6327d50,0x00000000a9600000)
 Metaspace       used 82406K, capacity 86128K, committed 86400K, reserved 1124352K
  class space    used 10672K, capacity 11371K, committed 11392K, reserved 1048576K
Event: 749.870 GC heap after
Heap after GC invocations=30 (full 4):
 PSYoungGen      total 355840K, used 7961K [0x00000000e0000000, 0x00000000f9300000, 0x0000000100000000)
  eden space 311296K, 0% used [0x00000000e0000000,0x00000000e0000000,0x00000000f3000000)
  from space 44544K, 17% used [0x00000000f6780000,0x00000000f6f466f8,0x00000000f9300000)
  to   space 50688K, 0% used [0x00000000f3000000,0x00000000f3000000,0x00000000f6180000)
 ParOldGen       total 153600K, used 112164K [0x00000000a0000000, 0x00000000a9600000, 0x00000000e0000000)
  object space 153600K, 73% used [0x00000000a0000000,0x00000000a6d89060,0x00000000a9600000)
 Metaspace       used 82406K, capacity 86128K, committed 86400K, reserved 1124352K
  class space    used 10672K, capacity 11371K, committed 11392K, reserved 1048576K
}
Event: 755.798 GC heap before
{Heap before GC invocations=31 (full 4):
 PSYoungGen      total 355840K, used 319257K [0x00000000e0000000, 0x00000000f9300000, 0x0000000100000000)
  eden space 311296K, 100% used [0x00000000e0000000,0x00000000f3000000,0x00000000f3000000)
  from space 44544K, 17% used [0x00000000f6780000,0x00000000f6f466f8,0x00000000f9300000)
  to   space 50688K, 0% used [0x00000000f3000000,0x00000000f3000000,0x00000000f6180000)
 ParOldGen       total 153600K, used 112164K [0x00000000a0000000, 0x00000000a9600000, 0x00000000e0000000)
  object space 153600K, 73% used [0x00000000a0000000,0x00000000a6d89180,0x00000000a9600000)
 Metaspace       used 82438K, capacity 86192K, committed 86400K, reserved 1124352K
  class space    used 10672K, capacity 11371K, committed 11392K, reserved 1048576K
Event: 755.921 GC heap after
Heap after GC invocations=31 (full 4):
 PSYoungGen      total 361984K, used 24876K [0x00000000e0000000, 0x00000000fbb80000, 0x0000000100000000)
  eden space 311296K, 0% used [0x00000000e0000000,0x00000000e0000000,0x00000000f3000000)
  from space 50688K, 49% used [0x00000000f3000000,0x00000000f484b060,0x00000000f6180000)
  to   space 49664K, 0% used [0x00000000f8b00000,0x00000000f8b00000,0x00000000fbb80000)
 ParOldGen       total 153600K, used 112172K [0x00000000a0000000, 0x00000000a9600000, 0x00000000e0000000)
  object space 153600K, 73% used [0x00000000a0000000,0x00000000a6d8b180,0x00000000a9600000)
 Metaspace       used 82438K, capacity 86192K, committed 86400K, reserved 1124352K
  class space    used 10672K, capacity 11371K, committed 11392K, reserved 1048576K
}
Event: 906.962 GC heap before
{Heap before GC invocations=32 (full 4):
 PSYoungGen      total 361984K, used 336172K [0x00000000e0000000, 0x00000000fbb80000, 0x0000000100000000)
  eden space 311296K, 100% used [0x00000000e0000000,0x00000000f3000000,0x00000000f3000000)
  from space 50688K, 49% used [0x00000000f3000000,0x00000000f484b060,0x00000000f6180000)
  to   space 49664K, 0% used [0x00000000f8b00000,0x00000000f8b00000,0x00000000fbb80000)
 ParOldGen       total 153600K, used 112174K [0x00000000a0000000, 0x00000000a9600000, 0x00000000e0000000)
  object space 153600K, 73% used [0x00000000a0000000,0x00000000a6d8b8b8,0x00000000a9600000)
 Metaspace       used 82717K, capacity 86486K, committed 86784K, reserved 1124352K
  class space    used 10699K, capacity 11420K, committed 11520K, reserved 1048576K
Event: 907.055 GC heap after
Heap after GC invocations=32 (full 4):
 PSYoungGen      total 391168K, used 4704K [0x00000000e0000000, 0x00000000fb480000, 0x0000000100000000)
  eden space 348672K, 0% used [0x00000000e0000000,0x00000000e0000000,0x00000000f5480000)
  from space 42496K, 11% used [0x00000000f8b00000,0x00000000f8f98020,0x00000000fb480000)
  to   space 49152K, 0% used [0x00000000f5480000,0x00000000f5480000,0x00000000f8480000)
 ParOldGen       total 153600K, used 112182K [0x00000000a0000000, 0x00000000a9600000, 0x00000000e0000000)
  object space 153600K, 73% used [0x00000000a0000000,0x00000000a6d8d8b8,0x00000000a9600000)
 Metaspace       used 82717K, capacity 86486K, committed 86784K, reserved 1124352K
  class space    used 10699K, capacity 11420K, committed 11520K, reserved 1048576K
}
Event: 914.627 GC heap before
{Heap before GC invocations=33 (full 4):
 PSYoungGen      total 391168K, used 353376K [0x00000000e0000000, 0x00000000fb480000, 0x0000000100000000)
  eden space 348672K, 100% used [0x00000000e0000000,0x00000000f5480000,0x00000000f5480000)
  from space 42496K, 11% used [0x00000000f8b00000,0x00000000f8f98020,0x00000000fb480000)
  to   space 49152K, 0% used [0x00000000f5480000,0x00000000f5480000,0x00000000f8480000)
 ParOldGen       total 153600K, used 112182K [0x00000000a0000000, 0x00000000a9600000, 0x00000000e0000000)
  object space 153600K, 73% used [0x00000000a0000000,0x00000000a6d8d9c0,0x00000000a9600000)
 Metaspace       used 82836K, capacity 86798K, committed 87040K, reserved 1124352K
  class space    used 10703K, capacity 11428K, committed 11520K, reserved 1048576K
Event: 914.739 GC heap after
Heap after GC invocations=33 (full 4):
 PSYoungGen      total 397824K, used 25213K [0x00000000e0000000, 0x00000000fdb00000, 0x0000000100000000)
  eden space 348672K, 0% used [0x00000000e0000000,0x00000000e0000000,0x00000000f5480000)
  from space 49152K, 51% used [0x00000000f5480000,0x00000000f6d1f748,0x00000000f8480000)
  to   space 48640K, 0% used [0x00000000fab80000,0x00000000fab80000,0x00000000fdb00000)
 ParOldGen       total 153600K, used 112190K [0x00000000a0000000, 0x00000000a9600000, 0x00000000e0000000)
  object space 153600K, 73% used [0x00000000a0000000,0x00000000a6d8f9c0,0x00000000a9600000)
 Metaspace       used 82836K, capacity 86798K, committed 87040K, reserved 1124352K
  class space    used 10703K, capacity 11428K, committed 11520K, reserved 1048576K
}
Event: 926.846 GC heap before
{Heap before GC invocations=34 (full 4):
 PSYoungGen      total 397824K, used 373885K [0x00000000e0000000, 0x00000000fdb00000, 0x0000000100000000)
  eden space 348672K, 100% used [0x00000000e0000000,0x00000000f5480000,0x00000000f5480000)
  from space 49152K, 51% used [0x00000000f5480000,0x00000000f6d1f748,0x00000000f8480000)
  to   space 48640K, 0% used [0x00000000fab80000,0x00000000fab80000,0x00000000fdb00000)
 ParOldGen       total 153600K, used 112550K [0x00000000a0000000, 0x00000000a9600000, 0x00000000e0000000)
  object space 153600K, 73% used [0x00000000a0000000,0x00000000a6de9a98,0x00000000a9600000)
 Metaspace       used 82882K, capacity 86804K, committed 87040K, reserved 1124352K
  class space    used 10704K, capacity 11429K, committed 11520K, reserved 1048576K
Event: 926.918 GC heap after
Heap after GC invocations=34 (full 4):
 PSYoungGen      total 426496K, used 12605K [0x00000000e0000000, 0x00000000fd400000, 0x0000000100000000)
  eden space 385024K, 0% used [0x00000000e0000000,0x00000000e0000000,0x00000000f7800000)
  from space 41472K, 30% used [0x00000000fab80000,0x00000000fb7cf760,0x00000000fd400000)
  to   space 47104K, 0% used [0x00000000f7800000,0x00000000f7800000,0x00000000fa600000)
 ParOldGen       total 153600K, used 112550K [0x00000000a0000000, 0x00000000a9600000, 0x00000000e0000000)
  object space 153600K, 73% used [0x00000000a0000000,0x00000000a6de9a98,0x00000000a9600000)
 Metaspace       used 82882K, capacity 86804K, committed 87040K, reserved 1124352K
  class space    used 10704K, capacity 11429K, committed 11520K, reserved 1048576K
}

