# JRE version: OpenJDK Runtime Environment (8.0_202-b03) (build 1.8.0_202-release-1483-b03)
# Java VM: OpenJDK 64-Bit Server VM (25.202-b03 mixed mode windows-amd64 compressed oops)
Heap:
 PSYoungGen      total 180736K, used 14823K [0x00000000e0000000, 0x00000000eff80000, 0x0000000100000000)
  eden space 156672K, 7% used [0x00000000e0000000,0x00000000e0bb46a0,0x00000000e9900000)
  from space 24064K, 11% used [0x00000000e9900000,0x00000000e9bc57f8,0x00000000eb080000)
  to   space 24064K, 0% used [0x00000000ee800000,0x00000000ee800000,0x00000000eff80000)
 ParOldGen       total 88064K, used 64362K [0x00000000a0000000, 0x00000000a5600000, 0x00000000e0000000)
  object space 88064K, 73% used [0x00000000a0000000,0x00000000a3eda938,0x00000000a5600000)
 Metaspace       used 64710K, capacity 66630K, committed 66904K, reserved 1107968K
  class space    used 8540K, capacity 9008K, committed 9088K, reserved 1048576K
GC Heap History (10 events):
Event: 34.868 GC heap before
{Heap before GC invocations=22 (full 3):
 PSYoungGen      total 124928K, used 123629K [0x00000000e0000000, 0x00000000e8b00000, 0x0000000100000000)
  eden space 114688K, 100% used [0x00000000e0000000,0x00000000e7000000,0x00000000e7000000)
  from space 10240K, 87% used [0x00000000e8100000,0x00000000e89bb518,0x00000000e8b00000)
  to   space 13824K, 0% used [0x00000000e7000000,0x00000000e7000000,0x00000000e7d80000)
 ParOldGen       total 88064K, used 33242K [0x00000000a0000000, 0x00000000a5600000, 0x00000000e0000000)
  object space 88064K, 37% used [0x00000000a0000000,0x00000000a20768b8,0x00000000a5600000)
 Metaspace       used 61256K, capacity 63074K, committed 63192K, reserved 1103872K
  class space    used 8247K, capacity 8686K, committed 8704K, reserved 1048576K
Event: 34.934 GC heap after
Heap after GC invocations=22 (full 3):
 PSYoungGen      total 128512K, used 13820K [0x00000000e0000000, 0x00000000ea480000, 0x0000000100000000)
  eden space 114688K, 0% used [0x00000000e0000000,0x00000000e0000000,0x00000000e7000000)
  from space 13824K, 99% used [0x00000000e7000000,0x00000000e7d7f2e8,0x00000000e7d80000)
  to   space 18944K, 0% used [0x00000000e9200000,0x00000000e9200000,0x00000000ea480000)
 ParOldGen       total 88064K, used 41930K [0x00000000a0000000, 0x00000000a5600000, 0x00000000e0000000)
  object space 88064K, 47% used [0x00000000a0000000,0x00000000a28f2928,0x00000000a5600000)
 Metaspace       used 61256K, capacity 63074K, committed 63192K, reserved 1103872K
  class space    used 8247K, capacity 8686K, committed 8704K, reserved 1048576K
}
Event: 36.175 GC heap before
{Heap before GC invocations=23 (full 3):
 PSYoungGen      total 128512K, used 128508K [0x00000000e0000000, 0x00000000ea480000, 0x0000000100000000)
  eden space 114688K, 100% used [0x00000000e0000000,0x00000000e7000000,0x00000000e7000000)
  from space 13824K, 99% used [0x00000000e7000000,0x00000000e7d7f2e8,0x00000000e7d80000)
  to   space 18944K, 0% used [0x00000000e9200000,0x00000000e9200000,0x00000000ea480000)
 ParOldGen       total 88064K, used 41930K [0x00000000a0000000, 0x00000000a5600000, 0x00000000e0000000)
  object space 88064K, 47% used [0x00000000a0000000,0x00000000a28f2928,0x00000000a5600000)
 Metaspace       used 64009K, capacity 65916K, committed 66136K, reserved 1105920K
  class space    used 8522K, capacity 8969K, committed 9088K, reserved 1048576K
Event: 36.213 GC heap after
Heap after GC invocations=23 (full 3):
 PSYoungGen      total 146944K, used 17454K [0x00000000e0000000, 0x00000000ead00000, 0x0000000100000000)
  eden space 128000K, 0% used [0x00000000e0000000,0x00000000e0000000,0x00000000e7d00000)
  from space 18944K, 92% used [0x00000000e9200000,0x00000000ea30bb00,0x00000000ea480000)
  to   space 21504K, 0% used [0x00000000e7d00000,0x00000000e7d00000,0x00000000e9200000)
 ParOldGen       total 88064K, used 49054K [0x00000000a0000000, 0x00000000a5600000, 0x00000000e0000000)
  object space 88064K, 55% used [0x00000000a0000000,0x00000000a2fe7938,0x00000000a5600000)
 Metaspace       used 64009K, capacity 65916K, committed 66136K, reserved 1105920K
  class space    used 8522K, capacity 8969K, committed 9088K, reserved 1048576K
}
Event: 36.891 GC heap before
{Heap before GC invocations=24 (full 3):
 PSYoungGen      total 146944K, used 145454K [0x00000000e0000000, 0x00000000ead00000, 0x0000000100000000)
  eden space 128000K, 100% used [0x00000000e0000000,0x00000000e7d00000,0x00000000e7d00000)
  from space 18944K, 92% used [0x00000000e9200000,0x00000000ea30bb00,0x00000000ea480000)
  to   space 21504K, 0% used [0x00000000e7d00000,0x00000000e7d00000,0x00000000e9200000)
 ParOldGen       total 88064K, used 49063K [0x00000000a0000000, 0x00000000a5600000, 0x00000000e0000000)
  object space 88064K, 55% used [0x00000000a0000000,0x00000000a2fe9f40,0x00000000a5600000)
 Metaspace       used 64267K, capacity 66150K, committed 66392K, reserved 1105920K
  class space    used 8527K, capacity 8976K, committed 9088K, reserved 1048576K
Event: 36.931 GC heap after
Heap after GC invocations=24 (full 3):
 PSYoungGen      total 149504K, used 21480K [0x00000000e0000000, 0x00000000ec900000, 0x0000000100000000)
  eden space 128000K, 0% used [0x00000000e0000000,0x00000000e0000000,0x00000000e7d00000)
  from space 21504K, 99% used [0x00000000e7d00000,0x00000000e91fa2e8,0x00000000e9200000)
  to   space 25088K, 0% used [0x00000000eb080000,0x00000000eb080000,0x00000000ec900000)
 ParOldGen       total 88064K, used 50038K [0x00000000a0000000, 0x00000000a5600000, 0x00000000e0000000)
  object space 88064K, 56% used [0x00000000a0000000,0x00000000a30dda90,0x00000000a5600000)
 Metaspace       used 64267K, capacity 66150K, committed 66392K, reserved 1105920K
  class space    used 8527K, capacity 8976K, committed 9088K, reserved 1048576K
}
Event: 36.932 GC heap before
{Heap before GC invocations=25 (full 3):
 PSYoungGen      total 149504K, used 23205K [0x00000000e0000000, 0x00000000ec900000, 0x0000000100000000)
  eden space 128000K, 1% used [0x00000000e0000000,0x00000000e01af320,0x00000000e7d00000)
  from space 21504K, 99% used [0x00000000e7d00000,0x00000000e91fa2e8,0x00000000e9200000)
  to   space 25088K, 0% used [0x00000000eb080000,0x00000000eb080000,0x00000000ec900000)
 ParOldGen       total 88064K, used 50038K [0x00000000a0000000, 0x00000000a5600000, 0x00000000e0000000)
  object space 88064K, 56% used [0x00000000a0000000,0x00000000a30dda90,0x00000000a5600000)
 Metaspace       used 64267K, capacity 66150K, committed 66392K, reserved 1105920K
  class space    used 8527K, capacity 8976K, committed 9088K, reserved 1048576K
Event: 36.975 GC heap after
Heap after GC invocations=25 (full 3):
 PSYoungGen      total 181760K, used 7318K [0x00000000e0000000, 0x00000000eda80000, 0x0000000100000000)
  eden space 156672K, 0% used [0x00000000e0000000,0x00000000e0000000,0x00000000e9900000)
  from space 25088K, 29% used [0x00000000eb080000,0x00000000eb7a5930,0x00000000ec900000)
  to   space 24064K, 0% used [0x00000000e9900000,0x00000000e9900000,0x00000000eb080000)
 ParOldGen       total 88064K, used 64274K [0x00000000a0000000, 0x00000000a5600000, 0x00000000e0000000)
  object space 88064K, 72% used [0x00000000a0000000,0x00000000a3ec4938,0x00000000a5600000)
 Metaspace       used 64267K, capacity 66150K, committed 66392K, reserved 1105920K
  class space    used 8527K, capacity 8976K, committed 9088K, reserved 1048576K
}
Event: 39.187 GC heap before
{Heap before GC invocations=26 (full 3):
 PSYoungGen      total 181760K, used 163990K [0x00000000e0000000, 0x00000000eda80000, 0x0000000100000000)
  eden space 156672K, 100% used [0x00000000e0000000,0x00000000e9900000,0x00000000e9900000)
  from space 25088K, 29% used [0x00000000eb080000,0x00000000eb7a5930,0x00000000ec900000)
  to   space 24064K, 0% used [0x00000000e9900000,0x00000000e9900000,0x00000000eb080000)
 ParOldGen       total 88064K, used 64274K [0x00000000a0000000, 0x00000000a5600000, 0x00000000e0000000)
  object space 88064K, 72% used [0x00000000a0000000,0x00000000a3ec4938,0x00000000a5600000)
 Metaspace       used 64657K, capacity 66566K, committed 66904K, reserved 1107968K
  class space    used 8540K, capacity 9008K, committed 9088K, reserved 1048576K
Event: 39.201 GC heap after
Heap after GC invocations=26 (full 3):
 PSYoungGen      total 180736K, used 2837K [0x00000000e0000000, 0x00000000eff80000, 0x0000000100000000)
  eden space 156672K, 0% used [0x00000000e0000000,0x00000000e0000000,0x00000000e9900000)
  from space 24064K, 11% used [0x00000000e9900000,0x00000000e9bc57f8,0x00000000eb080000)
  to   space 24064K, 0% used [0x00000000ee800000,0x00000000ee800000,0x00000000eff80000)
 ParOldGen       total 88064K, used 64362K [0x00000000a0000000, 0x00000000a5600000, 0x00000000e0000000)
  object space 88064K, 73% used [0x00000000a0000000,0x00000000a3eda938,0x00000000a5600000)
 Metaspace       used 64657K, capacity 66566K, committed 66904K, reserved 1107968K
  class space    used 8540K, capacity 9008K, committed 9088K, reserved 1048576K
}

