# JRE version: OpenJDK Runtime Environment (8.0_202-b03) (build 1.8.0_202-release-1483-b03)
# Java VM: OpenJDK 64-Bit Server VM (25.202-b03 mixed mode windows-amd64 compressed oops)
Heap:
 PSYoungGen      total 301568K, used 149520K [0x00000000e0000000, 0x00000000f8380000, 0x0000000100000000)
  eden space 258048K, 44% used [0x00000000e0000000,0x00000000e6fb84a0,0x00000000efc00000)
  from space 43520K, 80% used [0x00000000efc00000,0x00000000f1e4bd80,0x00000000f2680000)
  to   space 46592K, 0% used [0x00000000f5600000,0x00000000f5600000,0x00000000f8380000)
 ParOldGen       total 125952K, used 51529K [0x00000000a0000000, 0x00000000a7b00000, 0x00000000e0000000)
  object space 125952K, 40% used [0x00000000a0000000,0x00000000a3252458,0x00000000a7b00000)
 Metaspace       used 104218K, capacity 108222K, committed 108364K, reserved 1142784K
  class space    used 13339K, capacity 14138K, committed 14208K, reserved 1048576K
GC Heap History (10 events):
Event: 3952.036 GC heap before
{Heap before GC invocations=25 (full 3):
 PSYoungGen      total 210432K, used 210405K [0x00000000e0000000, 0x00000000f2500000, 0x0000000100000000)
  eden space 174080K, 99% used [0x00000000e0000000,0x00000000ea9fd4d8,0x00000000eaa00000)
  from space 36352K, 99% used [0x00000000eaa00000,0x00000000ecd7bfd8,0x00000000ecd80000)
  to   space 44032K, 0% used [0x00000000efa00000,0x00000000efa00000,0x00000000f2500000)
 ParOldGen       total 93184K, used 37284K [0x00000000a0000000, 0x00000000a5b00000, 0x00000000e0000000)
  object space 93184K, 40% used [0x00000000a0000000,0x00000000a2469328,0x00000000a5b00000)
 Metaspace       used 91333K, capacity 94958K, committed 95192K, reserved 1132544K
  class space    used 11718K, capacity 12427K, committed 12544K, reserved 1048576K
Event: 3952.429 GC heap after
Heap after GC invocations=25 (full 3):
 PSYoungGen      total 248832K, used 29679K [0x00000000e0000000, 0x00000000f2300000, 0x0000000100000000)
  eden space 206848K, 0% used [0x00000000e0000000,0x00000000e0000000,0x00000000eca00000)
  from space 41984K, 70% used [0x00000000efa00000,0x00000000f16fbc18,0x00000000f2300000)
  to   space 45568K, 0% used [0x00000000eca00000,0x00000000eca00000,0x00000000ef680000)
 ParOldGen       total 93184K, used 40404K [0x00000000a0000000, 0x00000000a5b00000, 0x00000000e0000000)
  object space 93184K, 43% used [0x00000000a0000000,0x00000000a27753a8,0x00000000a5b00000)
 Metaspace       used 91333K, capacity 94958K, committed 95192K, reserved 1132544K
  class space    used 11718K, capacity 12427K, committed 12544K, reserved 1048576K
}
Event: 3953.971 GC heap before
{Heap before GC invocations=26 (full 3):
 PSYoungGen      total 248832K, used 83186K [0x00000000e0000000, 0x00000000f2300000, 0x0000000100000000)
  eden space 206848K, 25% used [0x00000000e0000000,0x00000000e3440d08,0x00000000eca00000)
  from space 41984K, 70% used [0x00000000efa00000,0x00000000f16fbc18,0x00000000f2300000)
  to   space 45568K, 0% used [0x00000000eca00000,0x00000000eca00000,0x00000000ef680000)
 ParOldGen       total 93184K, used 40404K [0x00000000a0000000, 0x00000000a5b00000, 0x00000000e0000000)
  object space 93184K, 43% used [0x00000000a0000000,0x00000000a27753a8,0x00000000a5b00000)
 Metaspace       used 94600K, capacity 98344K, committed 98380K, reserved 1134592K
  class space    used 12159K, capacity 12921K, committed 12928K, reserved 1048576K
Event: 3954.087 GC heap after
Heap after GC invocations=26 (full 3):
 PSYoungGen      total 252416K, used 27884K [0x00000000e0000000, 0x00000000f5480000, 0x0000000100000000)
  eden space 206848K, 0% used [0x00000000e0000000,0x00000000e0000000,0x00000000eca00000)
  from space 45568K, 61% used [0x00000000eca00000,0x00000000ee53b030,0x00000000ef680000)
  to   space 46080K, 0% used [0x00000000f2780000,0x00000000f2780000,0x00000000f5480000)
 ParOldGen       total 93184K, used 40412K [0x00000000a0000000, 0x00000000a5b00000, 0x00000000e0000000)
  object space 93184K, 43% used [0x00000000a0000000,0x00000000a27773a8,0x00000000a5b00000)
 Metaspace       used 94600K, capacity 98344K, committed 98380K, reserved 1134592K
  class space    used 12159K, capacity 12921K, committed 12928K, reserved 1048576K
}
Event: 3954.087 GC heap before
{Heap before GC invocations=27 (full 4):
 PSYoungGen      total 252416K, used 27884K [0x00000000e0000000, 0x00000000f5480000, 0x0000000100000000)
  eden space 206848K, 0% used [0x00000000e0000000,0x00000000e0000000,0x00000000eca00000)
  from space 45568K, 61% used [0x00000000eca00000,0x00000000ee53b030,0x00000000ef680000)
  to   space 46080K, 0% used [0x00000000f2780000,0x00000000f2780000,0x00000000f5480000)
 ParOldGen       total 93184K, used 40412K [0x00000000a0000000, 0x00000000a5b00000, 0x00000000e0000000)
  object space 93184K, 43% used [0x00000000a0000000,0x00000000a27773a8,0x00000000a5b00000)
 Metaspace       used 94600K, capacity 98344K, committed 98380K, reserved 1134592K
  class space    used 12159K, capacity 12921K, committed 12928K, reserved 1048576K
Event: 3955.053 GC heap after
Heap after GC invocations=27 (full 4):
 PSYoungGen      total 252416K, used 0K [0x00000000e0000000, 0x00000000f5480000, 0x0000000100000000)
  eden space 206848K, 0% used [0x00000000e0000000,0x00000000e0000000,0x00000000eca00000)
  from space 45568K, 0% used [0x00000000eca00000,0x00000000eca00000,0x00000000ef680000)
  to   space 46080K, 0% used [0x00000000f2780000,0x00000000f2780000,0x00000000f5480000)
 ParOldGen       total 125952K, used 51513K [0x00000000a0000000, 0x00000000a7b00000, 0x00000000e0000000)
  object space 125952K, 40% used [0x00000000a0000000,0x00000000a324e458,0x00000000a7b00000)
 Metaspace       used 94347K, capacity 97766K, committed 98380K, reserved 1134592K
  class space    used 12099K, capacity 12794K, committed 12928K, reserved 1048576K
}
Event: 3964.568 GC heap before
{Heap before GC invocations=28 (full 4):
 PSYoungGen      total 252416K, used 206848K [0x00000000e0000000, 0x00000000f5480000, 0x0000000100000000)
  eden space 206848K, 100% used [0x00000000e0000000,0x00000000eca00000,0x00000000eca00000)
  from space 45568K, 0% used [0x00000000eca00000,0x00000000eca00000,0x00000000ef680000)
  to   space 46080K, 0% used [0x00000000f2780000,0x00000000f2780000,0x00000000f5480000)
 ParOldGen       total 125952K, used 51513K [0x00000000a0000000, 0x00000000a7b00000, 0x00000000e0000000)
  object space 125952K, 40% used [0x00000000a0000000,0x00000000a324e458,0x00000000a7b00000)
 Metaspace       used 100868K, capacity 104804K, committed 105036K, reserved 1140736K
  class space    used 13026K, capacity 13807K, committed 13952K, reserved 1048576K
Event: 3964.672 GC heap after
Heap after GC invocations=28 (full 4):
 PSYoungGen      total 300544K, used 19027K [0x00000000e0000000, 0x00000000f5100000, 0x0000000100000000)
  eden space 258048K, 0% used [0x00000000e0000000,0x00000000e0000000,0x00000000efc00000)
  from space 42496K, 44% used [0x00000000f2780000,0x00000000f3a14cb8,0x00000000f5100000)
  to   space 43520K, 0% used [0x00000000efc00000,0x00000000efc00000,0x00000000f2680000)
 ParOldGen       total 125952K, used 51521K [0x00000000a0000000, 0x00000000a7b00000, 0x00000000e0000000)
  object space 125952K, 40% used [0x00000000a0000000,0x00000000a3250458,0x00000000a7b00000)
 Metaspace       used 100868K, capacity 104804K, committed 105036K, reserved 1140736K
  class space    used 13026K, capacity 13807K, committed 13952K, reserved 1048576K
}
Event: 3973.644 GC heap before
{Heap before GC invocations=29 (full 4):
 PSYoungGen      total 300544K, used 277075K [0x00000000e0000000, 0x00000000f5100000, 0x0000000100000000)
  eden space 258048K, 100% used [0x00000000e0000000,0x00000000efc00000,0x00000000efc00000)
  from space 42496K, 44% used [0x00000000f2780000,0x00000000f3a14cb8,0x00000000f5100000)
  to   space 43520K, 0% used [0x00000000efc00000,0x00000000efc00000,0x00000000f2680000)
 ParOldGen       total 125952K, used 51521K [0x00000000a0000000, 0x00000000a7b00000, 0x00000000e0000000)
  object space 125952K, 40% used [0x00000000a0000000,0x00000000a3250458,0x00000000a7b00000)
 Metaspace       used 103728K, capacity 107696K, committed 107852K, reserved 1142784K
  class space    used 13300K, capacity 14125K, committed 14208K, reserved 1048576K
Event: 3973.750 GC heap after
Heap after GC invocations=29 (full 4):
 PSYoungGen      total 301568K, used 35119K [0x00000000e0000000, 0x00000000f8380000, 0x0000000100000000)
  eden space 258048K, 0% used [0x00000000e0000000,0x00000000e0000000,0x00000000efc00000)
  from space 43520K, 80% used [0x00000000efc00000,0x00000000f1e4bd80,0x00000000f2680000)
  to   space 46592K, 0% used [0x00000000f5600000,0x00000000f5600000,0x00000000f8380000)
 ParOldGen       total 125952K, used 51529K [0x00000000a0000000, 0x00000000a7b00000, 0x00000000e0000000)
  object space 125952K, 40% used [0x00000000a0000000,0x00000000a3252458,0x00000000a7b00000)
 Metaspace       used 103728K, capacity 107696K, committed 107852K, reserved 1142784K
  class space    used 13300K, capacity 14125K, committed 14208K, reserved 1048576K
}

